[15:38:10][INFO ][ContextLoader.java: 271] - Root WebApplicationContext: initialization started
[15:38:11][INFO ][ContextLoader.java: 307] - Root WebApplicationContext initialized in 810 ms
[15:38:11][INFO ][FrameworkServlet.java: 525] - Initializing Servlet 'appServlet'
[15:38:11][INFO ][FrameworkServlet.java: 547] - Completed initialization in 688 ms
[15:38:25][INFO ][MemberController.java: 31] - login.do : Member [memberId=00005, memberName=null, pw=pass005, enrollDate=null, adminYn=null, superiorId=null, deptId=null, positionId=null]
[15:38:26][INFO ][MemberController.java: 57] - boardList : [매장별재고현황, 본사재고현황, 상품관리]
[15:38:26][INFO ][MemberController.java: 58] - numRollList : [0100, 0110, 0100]
[15:50:37][INFO ][ContextLoader.java: 271] - Root WebApplicationContext: initialization started
[15:50:38][INFO ][ContextLoader.java: 307] - Root WebApplicationContext initialized in 809 ms
[15:50:38][INFO ][FrameworkServlet.java: 525] - Initializing Servlet 'appServlet'
[15:50:39][INFO ][FrameworkServlet.java: 547] - Completed initialization in 731 ms
[15:50:43][WARN ][DispatcherServlet.java: 1278] - No mapping for POST /sik/WEB-INF/views/common/loginMain.do
[15:50:48][WARN ][DispatcherServlet.java: 1278] - No mapping for POST /sik/WEB-INF/views/common/loginMain.do
[15:50:50][WARN ][DispatcherServlet.java: 1278] - No mapping for POST /sik/WEB-INF/views/common/loginMain.do
[15:50:53][WARN ][DispatcherServlet.java: 1278] - No mapping for POST /sik/WEB-INF/views/common/loginMain.do
[15:51:20][INFO ][ContextLoader.java: 271] - Root WebApplicationContext: initialization started
[15:51:21][INFO ][ContextLoader.java: 307] - Root WebApplicationContext initialized in 815 ms
[15:51:21][INFO ][FrameworkServlet.java: 525] - Initializing Servlet 'appServlet'
[15:51:22][INFO ][FrameworkServlet.java: 547] - Completed initialization in 765 ms
[15:51:26][WARN ][DispatcherServlet.java: 1278] - No mapping for POST /sik/WEB-INF/views/common/loginMain.do
[15:51:51][INFO ][ContextLoader.java: 271] - Root WebApplicationContext: initialization started
[15:51:52][INFO ][ContextLoader.java: 307] - Root WebApplicationContext initialized in 818 ms
[15:51:52][INFO ][FrameworkServlet.java: 525] - Initializing Servlet 'appServlet'
[15:51:53][INFO ][FrameworkServlet.java: 547] - Completed initialization in 703 ms
[15:51:57][WARN ][DispatcherServlet.java: 1278] - No mapping for POST /sik/WEB-INF/views/common/loginMain.do
[15:58:52][INFO ][ContextLoader.java: 271] - Root WebApplicationContext: initialization started
[15:58:52][INFO ][ContextLoader.java: 307] - Root WebApplicationContext initialized in 652 ms
[15:58:52][INFO ][FrameworkServlet.java: 525] - Initializing Servlet 'appServlet'
[15:58:53][INFO ][FrameworkServlet.java: 547] - Completed initialization in 632 ms
[15:59:04][INFO ][ContextLoader.java: 271] - Root WebApplicationContext: initialization started
[15:59:05][INFO ][ContextLoader.java: 307] - Root WebApplicationContext initialized in 624 ms
[15:59:05][INFO ][FrameworkServlet.java: 525] - Initializing Servlet 'appServlet'
[15:59:05][INFO ][FrameworkServlet.java: 547] - Completed initialization in 610 ms
[15:59:51][INFO ][ContextLoader.java: 271] - Root WebApplicationContext: initialization started
[15:59:52][INFO ][ContextLoader.java: 307] - Root WebApplicationContext initialized in 862 ms
[15:59:52][INFO ][FrameworkServlet.java: 525] - Initializing Servlet 'appServlet'
[15:59:53][INFO ][FrameworkServlet.java: 547] - Completed initialization in 760 ms
[15:59:57][INFO ][MemberController.java: 31] - login.do : Member [memberId=00005, memberName=null, pw=pass005, enrollDate=null, adminYn=null, superiorId=null, deptId=null, positionId=null]
[15:59:58][INFO ][MemberController.java: 57] - boardList : [매장별재고현황, 본사재고현황, 상품관리]
[15:59:58][INFO ][MemberController.java: 58] - numRollList : [0100, 0110, 0100]
[16:00:45][WARN ][DispatcherServlet.java: 1278] - No mapping for GET /sik/brandStock.do
[16:01:44][INFO ][ContextLoader.java: 271] - Root WebApplicationContext: initialization started
[16:01:45][INFO ][ContextLoader.java: 307] - Root WebApplicationContext initialized in 791 ms
[16:01:45][INFO ][FrameworkServlet.java: 525] - Initializing Servlet 'appServlet'
[16:01:46][INFO ][FrameworkServlet.java: 547] - Completed initialization in 687 ms
[16:04:26][INFO ][ContextLoader.java: 271] - Root WebApplicationContext: initialization started
[16:04:27][INFO ][ContextLoader.java: 307] - Root WebApplicationContext initialized in 801 ms
[16:04:27][INFO ][FrameworkServlet.java: 525] - Initializing Servlet 'appServlet'
[16:04:28][INFO ][FrameworkServlet.java: 547] - Completed initialization in 724 ms
[16:08:04][INFO ][ContextLoader.java: 271] - Root WebApplicationContext: initialization started
[16:08:04][INFO ][ContextLoader.java: 307] - Root WebApplicationContext initialized in 793 ms
[16:08:04][INFO ][FrameworkServlet.java: 525] - Initializing Servlet 'appServlet'
[16:08:05][INFO ][FrameworkServlet.java: 547] - Completed initialization in 701 ms
[16:08:59][INFO ][ContextLoader.java: 271] - Root WebApplicationContext: initialization started
[16:09:00][INFO ][ContextLoader.java: 307] - Root WebApplicationContext initialized in 630 ms
[16:09:00][INFO ][FrameworkServlet.java: 525] - Initializing Servlet 'appServlet'
[16:09:00][INFO ][FrameworkServlet.java: 547] - Completed initialization in 632 ms
[16:23:37][INFO ][ContextLoader.java: 271] - Root WebApplicationContext: initialization started
[16:23:38][INFO ][ContextLoader.java: 307] - Root WebApplicationContext initialized in 1101 ms
[16:23:38][INFO ][FrameworkServlet.java: 525] - Initializing Servlet 'appServlet'
[16:23:39][INFO ][FrameworkServlet.java: 547] - Completed initialization in 971 ms
[16:24:13][INFO ][ContextLoader.java: 271] - Root WebApplicationContext: initialization started
[16:24:14][INFO ][ContextLoader.java: 307] - Root WebApplicationContext initialized in 929 ms
[16:24:14][INFO ][FrameworkServlet.java: 525] - Initializing Servlet 'appServlet'
[16:24:15][INFO ][FrameworkServlet.java: 547] - Completed initialization in 882 ms
[16:26:09][INFO ][ContextLoader.java: 271] - Root WebApplicationContext: initialization started
[16:26:10][INFO ][ContextLoader.java: 307] - Root WebApplicationContext initialized in 1081 ms
[16:26:10][INFO ][FrameworkServlet.java: 525] - Initializing Servlet 'appServlet'
[16:26:11][INFO ][FrameworkServlet.java: 547] - Completed initialization in 960 ms
[16:26:17][INFO ][ContextLoader.java: 271] - Root WebApplicationContext: initialization started
[16:26:19][INFO ][ContextLoader.java: 307] - Root WebApplicationContext initialized in 1092 ms
[16:26:19][INFO ][FrameworkServlet.java: 525] - Initializing Servlet 'appServlet'
[16:26:20][INFO ][FrameworkServlet.java: 547] - Completed initialization in 945 ms
[16:26:38][INFO ][MemberController.java: 31] - login.do : Member [memberId=00001, memberName=null, pw=pass001, enrollDate=null, adminYn=null, superiorId=null, deptId=null, positionId=null]
[16:26:38][INFO ][MemberController.java: 57] - boardList : [매장요청사항, 브랜드공지, 브랜드관리, 매출, 매장관리점검, 매장상세조회]
[16:26:38][INFO ][MemberController.java: 58] - numRollList : [0100, 0100, 0100, 0100, 0100, 0100]
[16:26:42][INFO ][NoticeController.java: 35] - 넘어온값 확인 : { brand : null, page :1, keyword : null}
[16:26:46][INFO ][NoticeController.java: 35] - 넘어온값 확인 : { brand : null, page :1, keyword : null}
[17:30:01][INFO ][ContextLoader.java: 271] - Root WebApplicationContext: initialization started
[17:30:02][INFO ][ContextLoader.java: 307] - Root WebApplicationContext initialized in 1022 ms
[17:30:02][INFO ][FrameworkServlet.java: 525] - Initializing Servlet 'appServlet'
[17:30:03][INFO ][FrameworkServlet.java: 547] - Completed initialization in 959 ms
[17:30:14][INFO ][MemberController.java: 31] - login.do : Member [memberId=00001, memberName=null, pw=pass001, enrollDate=null, adminYn=null, superiorId=null, deptId=null, positionId=null]
[17:30:14][INFO ][MemberController.java: 57] - boardList : [매장요청사항, 브랜드공지, 브랜드관리, 매출, 매장관리점검, 매장상세조회]
[17:30:14][INFO ][MemberController.java: 58] - numRollList : [0100, 0100, 0100, 0100, 0100, 0100]
[17:30:17][INFO ][ReportController.java: 54] - listCount : 15
[17:30:17][INFO ][ReportController.java: 66] - Search [keyword=00001, startRow=1, endRow=10, begin=null, end=null, age=0, brand=null]00001
[17:30:18][INFO ][ReportController.java: 123] - re0016
[17:31:25][INFO ][ContextLoader.java: 271] - Root WebApplicationContext: initialization started
[17:31:26][INFO ][ContextLoader.java: 307] - Root WebApplicationContext initialized in 999 ms
[17:31:26][INFO ][FrameworkServlet.java: 525] - Initializing Servlet 'appServlet'
[17:31:27][INFO ][FrameworkServlet.java: 547] - Completed initialization in 944 ms
[17:31:33][INFO ][ReportController.java: 123] - re0016
[17:34:24][INFO ][ContextLoader.java: 271] - Root WebApplicationContext: initialization started
[17:34:25][INFO ][ContextLoader.java: 307] - Root WebApplicationContext initialized in 1052 ms
[17:34:25][INFO ][FrameworkServlet.java: 525] - Initializing Servlet 'appServlet'
[17:34:26][INFO ][FrameworkServlet.java: 547] - Completed initialization in 958 ms
[17:34:38][INFO ][ReportController.java: 123] - re0016
[17:34:41][INFO ][ReportController.java: 92] - 가맹관리팀/직급
[17:34:41][INFO ][ReportController.java: 92] - 가맹관리팀/사원
[17:35:41][INFO ][ContextLoader.java: 271] - Root WebApplicationContext: initialization started
[17:35:42][INFO ][ContextLoader.java: 307] - Root WebApplicationContext initialized in 1030 ms
[17:35:42][INFO ][FrameworkServlet.java: 525] - Initializing Servlet 'appServlet'
[17:35:43][INFO ][FrameworkServlet.java: 547] - Completed initialization in 962 ms
[17:35:47][INFO ][ReportController.java: 123] - re0016
[17:35:49][INFO ][ReportController.java: 92] - 가맹관리팀/직급
[17:35:50][INFO ][ReportController.java: 92] - 가맹관리팀/사원
[17:35:53][INFO ][ReportController.java: 92] - 물류팀/사원
[17:35:54][INFO ][ReportController.java: 92] - 물류팀/대리
[17:35:56][INFO ][ReportController.java: 92] - 메뉴개발팀/대리
[17:36:00][INFO ][ReportController.java: 92] - 메뉴개발팀/주임
[17:36:03][INFO ][ReportController.java: 92] - 메뉴개발팀/사원
[17:36:04][INFO ][ReportController.java: 92] - 메뉴개발팀/과장
[17:38:12][INFO ][ContextLoader.java: 271] - Root WebApplicationContext: initialization started
[17:38:13][INFO ][ContextLoader.java: 307] - Root WebApplicationContext initialized in 1043 ms
[17:38:13][INFO ][FrameworkServlet.java: 525] - Initializing Servlet 'appServlet'
[17:38:14][INFO ][FrameworkServlet.java: 547] - Completed initialization in 992 ms
[17:38:17][INFO ][ReportController.java: 123] - re0016
[17:38:19][INFO ][ReportController.java: 92] - 가맹관리팀/직급
[17:38:20][INFO ][ReportController.java: 92] - 가맹관리팀/사원
[17:38:47][INFO ][ReportController.java: 92] - 가맹관리팀/주임
[17:38:48][INFO ][ReportController.java: 92] - 가맹관리팀/대리
[17:40:27][INFO ][ContextLoader.java: 271] - Root WebApplicationContext: initialization started
[17:40:28][INFO ][ContextLoader.java: 307] - Root WebApplicationContext initialized in 1086 ms
[17:40:28][INFO ][FrameworkServlet.java: 525] - Initializing Servlet 'appServlet'
[17:40:29][INFO ][FrameworkServlet.java: 547] - Completed initialization in 987 ms
[17:40:32][INFO ][ReportController.java: 123] - re0016
[17:40:32][INFO ][ReportController.java: 123] - re0016
[17:40:32][INFO ][ReportController.java: 123] - re0016
[17:40:33][INFO ][ReportController.java: 123] - re0016
[17:40:35][INFO ][ReportController.java: 92] - 가맹관리팀/직급
[17:40:36][INFO ][ReportController.java: 92] - 가맹관리팀/사원
[17:43:11][INFO ][ContextLoader.java: 271] - Root WebApplicationContext: initialization started
[17:43:12][INFO ][ContextLoader.java: 307] - Root WebApplicationContext initialized in 1005 ms
[17:43:12][INFO ][FrameworkServlet.java: 525] - Initializing Servlet 'appServlet'
[17:43:13][INFO ][FrameworkServlet.java: 547] - Completed initialization in 974 ms
[17:43:18][INFO ][ReportController.java: 123] - re0016
[17:43:20][INFO ][ReportController.java: 92] - 가맹관리팀/직급
[17:43:21][INFO ][ReportController.java: 92] - 가맹관리팀/사원
[17:47:20][INFO ][ContextLoader.java: 271] - Root WebApplicationContext: initialization started
[17:47:21][INFO ][ContextLoader.java: 307] - Root WebApplicationContext initialized in 1028 ms
[17:47:21][INFO ][FrameworkServlet.java: 525] - Initializing Servlet 'appServlet'
[17:47:22][INFO ][FrameworkServlet.java: 547] - Completed initialization in 942 ms
[17:47:26][INFO ][ReportController.java: 123] - re0016
[17:47:29][INFO ][ReportController.java: 92] - 가맹관리팀/직급
[17:47:30][INFO ][ReportController.java: 92] - 가맹관리팀/사원
[17:48:34][INFO ][ReportController.java: 123] - re0016
[17:48:36][INFO ][ReportController.java: 123] - re0016
[17:48:40][INFO ][ContextLoader.java: 271] - Root WebApplicationContext: initialization started
[17:48:42][INFO ][ContextLoader.java: 307] - Root WebApplicationContext initialized in 1032 ms
[17:48:42][INFO ][FrameworkServlet.java: 525] - Initializing Servlet 'appServlet'
[17:48:43][INFO ][FrameworkServlet.java: 547] - Completed initialization in 979 ms
[17:48:48][INFO ][ReportController.java: 123] - re0016
[17:48:51][INFO ][ReportController.java: 92] - 가맹관리팀/직급
[17:48:52][INFO ][ReportController.java: 92] - 가맹관리팀/사원
[17:49:04][INFO ][ContextLoader.java: 271] - Root WebApplicationContext: initialization started
[17:49:05][INFO ][ContextLoader.java: 307] - Root WebApplicationContext initialized in 1004 ms
[17:49:05][INFO ][FrameworkServlet.java: 525] - Initializing Servlet 'appServlet'
[17:49:06][INFO ][FrameworkServlet.java: 547] - Completed initialization in 1035 ms
[17:49:10][INFO ][ReportController.java: 123] - re0016
[17:49:12][INFO ][ReportController.java: 92] - 가맹관리팀/직급
[17:49:13][INFO ][ReportController.java: 92] - 가맹관리팀/사원
[17:50:34][INFO ][ContextLoader.java: 271] - Root WebApplicationContext: initialization started
[17:50:35][INFO ][ContextLoader.java: 307] - Root WebApplicationContext initialized in 1009 ms
[17:50:35][INFO ][FrameworkServlet.java: 525] - Initializing Servlet 'appServlet'
[17:50:36][INFO ][FrameworkServlet.java: 547] - Completed initialization in 1030 ms
[17:50:37][INFO ][ReportController.java: 123] - re0016
[17:50:40][INFO ][ReportController.java: 92] - 가맹관리팀/직급
[17:50:40][INFO ][ReportController.java: 92] - 가맹관리팀/사원
[18:00:19][INFO ][ReportController.java: 92] - 가맹관리팀/대리
[18:00:22][INFO ][ReportController.java: 92] - 가맹관리팀/사원
[18:00:23][INFO ][ReportController.java: 92] - 가맹관리팀/대리
[18:00:25][INFO ][ReportController.java: 92] - 가맹관리팀/주임
[18:01:39][INFO ][ContextLoader.java: 271] - Root WebApplicationContext: initialization started
[18:01:40][INFO ][ContextLoader.java: 307] - Root WebApplicationContext initialized in 1042 ms
[18:01:40][INFO ][FrameworkServlet.java: 525] - Initializing Servlet 'appServlet'
[18:01:41][INFO ][FrameworkServlet.java: 547] - Completed initialization in 1017 ms
[18:01:45][INFO ][ReportController.java: 123] - re0016
[18:01:47][INFO ][ReportController.java: 92] - 가맹관리팀/직급
[18:01:47][INFO ][ReportController.java: 92] - 가맹관리팀/사원
[18:03:19][INFO ][ContextLoader.java: 271] - Root WebApplicationContext: initialization started
[18:03:20][INFO ][ContextLoader.java: 307] - Root WebApplicationContext initialized in 1023 ms
[18:03:20][INFO ][FrameworkServlet.java: 525] - Initializing Servlet 'appServlet'
[18:03:21][INFO ][FrameworkServlet.java: 547] - Completed initialization in 980 ms
[18:03:25][INFO ][ReportController.java: 123] - re0016
[18:03:28][INFO ][ReportController.java: 123] - re0016
[18:03:33][INFO ][ReportController.java: 123] - re0016
[18:03:35][INFO ][ReportController.java: 123] - re0016
[18:03:36][INFO ][ReportController.java: 123] - re0016
[18:03:36][INFO ][ReportController.java: 123] - re0016
[18:03:36][INFO ][ReportController.java: 123] - re0016
[18:03:37][INFO ][ReportController.java: 123] - re0016
[18:03:42][INFO ][ContextLoader.java: 271] - Root WebApplicationContext: initialization started
[18:03:43][INFO ][ContextLoader.java: 307] - Root WebApplicationContext initialized in 997 ms
[18:03:43][INFO ][FrameworkServlet.java: 525] - Initializing Servlet 'appServlet'
[18:03:44][INFO ][FrameworkServlet.java: 547] - Completed initialization in 937 ms
[18:03:47][INFO ][ReportController.java: 123] - re0016
[18:03:50][INFO ][ReportController.java: 92] - 가맹관리팀/직급
[18:03:51][INFO ][ReportController.java: 92] - 가맹관리팀/사원
[18:04:07][INFO ][ReportController.java: 123] - re0016
[18:04:09][INFO ][ReportController.java: 92] - 가맹관리팀/직급
[18:04:09][INFO ][ReportController.java: 92] - 가맹관리팀/사원
[18:04:13][INFO ][ReportController.java: 92] - 가맹관리팀/주임
[18:04:15][INFO ][ReportController.java: 92] - 가맹관리팀/대리
[18:06:09][INFO ][ContextLoader.java: 271] - Root WebApplicationContext: initialization started
[18:06:10][INFO ][ContextLoader.java: 307] - Root WebApplicationContext initialized in 1007 ms
[18:06:10][INFO ][FrameworkServlet.java: 525] - Initializing Servlet 'appServlet'
[18:06:11][INFO ][FrameworkServlet.java: 547] - Completed initialization in 942 ms
[18:06:14][INFO ][ReportController.java: 123] - re0016
[18:06:23][INFO ][ReportController.java: 123] - re0016
[18:06:30][INFO ][ReportController.java: 123] - re0016
[18:06:38][INFO ][ReportController.java: 123] - re0016
[18:06:40][INFO ][ReportController.java: 123] - re0016
[18:06:41][INFO ][ReportController.java: 123] - re0016
[18:06:41][INFO ][ReportController.java: 123] - re0016
[18:06:47][INFO ][ReportController.java: 123] - re0016
[18:06:49][INFO ][ReportController.java: 123] - re0016
[18:06:49][INFO ][ReportController.java: 123] - re0016
[18:06:52][INFO ][ReportController.java: 123] - re0016
[18:06:56][INFO ][ReportController.java: 123] - re0016
[18:06:56][INFO ][ReportController.java: 123] - re0016
[18:06:57][INFO ][ReportController.java: 123] - re0016
[18:08:20][INFO ][ReportController.java: 92] - 물류팀/직급
[18:08:21][INFO ][ReportController.java: 92] - 물류팀/대리
[18:09:19][INFO ][ReportController.java: 123] - re0016
[18:09:57][INFO ][ReportController.java: 123] - re0016
[18:10:03][INFO ][ReportController.java: 123] - re0016
[18:10:04][INFO ][ReportController.java: 123] - re0016
[18:10:05][INFO ][ReportController.java: 123] - re0016
[18:10:05][INFO ][ReportController.java: 123] - re0016
[18:10:11][INFO ][ReportController.java: 123] - re0016
[18:10:11][INFO ][ReportController.java: 123] - re0016
[18:11:03][INFO ][ReportController.java: 123] - re0016
[18:11:11][INFO ][ReportController.java: 123] - re0016
[18:11:23][INFO ][ReportController.java: 123] - re0016
[18:11:23][INFO ][ReportController.java: 123] - re0016
[18:11:23][INFO ][ReportController.java: 123] - re0016
[18:11:26][INFO ][ReportController.java: 123] - re0016
[18:11:27][INFO ][ReportController.java: 123] - re0016
[18:11:27][INFO ][ReportController.java: 123] - re0016
[18:11:30][INFO ][ReportController.java: 123] - re0016
[18:11:30][INFO ][ReportController.java: 123] - re0016
[18:11:31][INFO ][ReportController.java: 123] - re0016
[18:15:31][INFO ][ReportController.java: 123] - re0016
[18:15:50][INFO ][ReportController.java: 123] - re0016
[18:30:42][INFO ][ReportController.java: 123] - re0016
[18:30:42][WARN ][DispatcherServlet.java: 1278] - No mapping for GET /sik/WEB-INF/views/common/loginMain.do
[18:42:23][INFO ][ContextLoader.java: 271] - Root WebApplicationContext: initialization started
[18:42:24][INFO ][ContextLoader.java: 307] - Root WebApplicationContext initialized in 1055 ms
[18:42:24][INFO ][FrameworkServlet.java: 525] - Initializing Servlet 'appServlet'
[18:42:25][INFO ][FrameworkServlet.java: 547] - Completed initialization in 943 ms
[18:42:31][INFO ][MemberController.java: 31] - login.do : Member [memberId=00001, memberName=null, pw=pass001, enrollDate=null, adminYn=null, superiorId=null, deptId=null, positionId=null]
[18:42:31][INFO ][MemberController.java: 57] - boardList : [매장요청사항, 브랜드공지, 브랜드관리, 매출, 매장관리점검, 매장상세조회]
[18:42:31][INFO ][MemberController.java: 58] - numRollList : [0100, 0100, 0100, 0100, 0100, 0100]
[18:42:32][INFO ][ReportController.java: 54] - listCount : 15
[18:42:32][INFO ][ReportController.java: 66] - Search [keyword=00001, startRow=1, endRow=10, begin=null, end=null, age=0, brand=null]00001
[18:42:34][INFO ][ReportController.java: 123] - re0016
[18:42:35][INFO ][ReportController.java: 92] - 가맹관리팀/직급
[18:42:36][INFO ][ReportController.java: 92] - 가맹관리팀/사원
[18:57:04][INFO ][ReportController.java: 123] - re0016
[18:57:05][WARN ][DispatcherServlet.java: 1278] - No mapping for GET /sik/WEB-INF/views/common/loginMain.do
[18:57:15][INFO ][MemberController.java: 31] - login.do : Member [memberId=00001, memberName=null, pw=pass001, enrollDate=null, adminYn=null, superiorId=null, deptId=null, positionId=null]
[18:57:15][INFO ][MemberController.java: 57] - boardList : [매장요청사항, 브랜드공지, 브랜드관리, 매출, 매장관리점검, 매장상세조회]
[18:57:15][INFO ][MemberController.java: 58] - numRollList : [0100, 0100, 0100, 0100, 0100, 0100]
[18:57:21][INFO ][ContextLoader.java: 271] - Root WebApplicationContext: initialization started
[18:57:22][INFO ][ContextLoader.java: 307] - Root WebApplicationContext initialized in 1024 ms
[18:57:22][INFO ][FrameworkServlet.java: 525] - Initializing Servlet 'appServlet'
[18:57:23][INFO ][FrameworkServlet.java: 547] - Completed initialization in 989 ms
[18:57:29][INFO ][ReportController.java: 54] - listCount : 15
[18:57:29][INFO ][ReportController.java: 66] - Search [keyword=00001, startRow=1, endRow=10, begin=null, end=null, age=0, brand=null]00001
[19:02:04][INFO ][ReportController.java: 123] - re0016
